TN:
SF:F:\workspace-self\JestTest\dom.js
FN:2,(anonymous_0)
FNF:1
FNH:1
FNDA:3,(anonymous_0)
DA:2,1
DA:3,3
DA:4,3
DA:5,3
LF:4
LH:4
BRF:0
BRH:0
end_of_record
TN:
SF:F:\workspace-self\JestTest\index.js
FN:1,a1
FN:4,a2
FNF:2
FNH:2
FNDA:1,a1
FNDA:1,a2
DA:2,1
DA:5,1
DA:7,1
LF:3
LH:3
BRDA:2,0,0,1
BRDA:2,0,1,0
BRDA:5,1,0,1
BRDA:5,1,1,0
BRF:4
BRH:2
end_of_record
TN:
SF:F:\workspace-self\JestTest\math.js
FN:1,add
FN:5,minus
FNF:2
FNH:2
FNDA:1,add
FNDA:1,minus
DA:2,1
DA:6,1
LF:2
LH:2
BRF:0
BRH:0
end_of_record
TN:
SF:F:\workspace-self\JestTest\mock.js
FN:1,(anonymous_0)
FN:7,(anonymous_1)
FNF:2
FNH:1
FNDA:0,(anonymous_0)
FNDA:1,(anonymous_1)
DA:1,1
DA:2,0
DA:7,1
DA:8,1
LF:4
LH:3
BRF:0
BRH:0
end_of_record
TN:
SF:F:\workspace-self\JestTest\request.js
FN:3,getData1
FN:7,getData2
FN:8,(anonymous_2)
FN:13,get404
FNF:4
FNH:4
FNDA:3,getData1
FNDA:1,getData2
FNDA:1,(anonymous_2)
FNDA:1,get404
DA:4,3
DA:8,1
DA:9,1
DA:14,1
LF:4
LH:4
BRF:0
BRH:0
end_of_record
TN:
SF:F:\workspace-self\JestTest\snapshot.js
FN:1,(anonymous_0)
FNF:1
FNH:1
FNDA:1,(anonymous_0)
DA:1,1
DA:2,1
LF:2
LH:2
BRF:0
BRH:0
end_of_record
